2026-03-06 08:50:22,617 | INFO | SKIP duplicate: BackFlow Rechnung 1 (1) 2.pdf
2026-03-06 08:50:22,621 | INFO | SKIP duplicate: BackFlow Rechnung 3 50stk.pdf
2026-03-06 08:50:22,624 | INFO | SKIP duplicate: BackFlow Rechnung121212.pdf
2026-03-06 08:50:22,628 | INFO | SKIP duplicate: Lieferschein.pdf
2026-03-06 08:50:22,631 | INFO | SKIP duplicate: WhatsApp Image 2026-03-05 at 10.34.25.jpeg
2026-03-06 08:50:22,635 | INFO | DB totals: invoices=3 delivery_lines=2
2026-03-06 08:50:22,665 | INFO | Excel exported: output\Wareneingang_Status_20260306_085022.xlsx
2026-03-06 09:00:31,333 | INFO | SKIP duplicate: BackFlow Rechnung 1 (1) 2.pdf
2026-03-06 09:00:31,339 | INFO | SKIP duplicate: BackFlow Rechnung 3 50stk.pdf
2026-03-06 09:00:31,342 | INFO | SKIP duplicate: BackFlow Rechnung121212.pdf
2026-03-06 09:00:41,067 | INFO | IMPORTED delivery: 20.jpeg (match_key=CUST:9099909, lines=1)
2026-03-06 09:00:41,095 | INFO | SKIP duplicate: Lieferschein.pdf
2026-03-06 09:00:41,099 | INFO | SKIP duplicate: WhatsApp Image 2026-03-05 at 10.34.25.jpeg
2026-03-06 09:00:41,102 | INFO | DB totals: invoices=3 delivery_lines=3
2026-03-06 09:00:41,140 | INFO | Excel exported: output\Wareneingang_Status_20260306_090041.xlsx
2026-03-06 09:01:48,642 | INFO | SKIP duplicate: BackFlow Rechnung 1 (1) 2.pdf
2026-03-06 09:01:48,645 | INFO | SKIP duplicate: BackFlow Rechnung 3 50stk.pdf
2026-03-06 09:01:48,649 | INFO | SKIP duplicate: BackFlow Rechnung121212.pdf
2026-03-06 09:01:48,653 | INFO | SKIP duplicate: 20.jpeg
2026-03-06 09:01:57,968 | INFO | IMPORTED delivery: 30.jpeg (match_key=CUST:9099909, lines=1)
2026-03-06 09:01:57,994 | INFO | SKIP duplicate: Lieferschein.pdf
2026-03-06 09:01:57,997 | INFO | SKIP duplicate: WhatsApp Image 2026-03-05 at 10.34.25.jpeg
2026-03-06 09:01:58,002 | INFO | DB totals: invoices=3 delivery_lines=4
2026-03-06 09:01:58,025 | INFO | Excel exported: output\Wareneingang_Status_20260306_090158.xlsx
2026-03-06 09:02:59,890 | INFO | SKIP duplicate: BackFlow Rechnung 1 (1) 2.pdf
2026-03-06 09:02:59,893 | INFO | SKIP duplicate: BackFlow Rechnung 3 50stk.pdf
2026-03-06 09:02:59,896 | INFO | SKIP duplicate: BackFlow Rechnung121212.pdf
2026-03-06 09:02:59,900 | INFO | SKIP duplicate: 20.jpeg
2026-03-06 09:02:59,903 | INFO | SKIP duplicate: 30.jpeg
2026-03-06 09:02:59,908 | INFO | SKIP duplicate: Lieferschein.pdf
2026-03-06 09:02:59,913 | INFO | SKIP duplicate: WhatsApp Image 2026-03-05 at 10.34.25.jpeg
2026-03-06 09:02:59,915 | INFO | DB totals: invoices=3 delivery_lines=4
2026-03-06 09:02:59,944 | INFO | Excel exported: output\Wareneingang_Status_20260306_090259.xlsx
2026-03-06 09:09:01,966 | INFO | IMPORTED invoice: BackFlow Rechnung 1 (1) 2.pdf (match_key=CUST:123456789, lines=1)
2026-03-06 09:09:02,763 | INFO | IMPORTED invoice: BackFlow Rechnung 3 50stk.pdf (match_key=CUST:9099909, lines=1)
2026-03-06 09:09:03,632 | INFO | IMPORTED invoice: BackFlow Rechnung121212.pdf (match_key=CUST:123456789, lines=1)
2026-03-06 09:09:13,556 | INFO | IMPORTED delivery: 20.jpeg (match_key=CUST:9099909, lines=1)
2026-03-06 09:09:22,892 | INFO | IMPORTED delivery: 30.jpeg (match_key=CUST:9099909, lines=1)
2026-03-06 09:09:29,587 | INFO | IMPORTED delivery: Lieferschein.pdf (match_key=CUST:123456789, lines=1)
2026-03-06 09:09:38,814 | INFO | IMPORTED delivery: WhatsApp Image 2026-03-05 at 10.34.25.jpeg (match_key=CUST:123456789, lines=1)
2026-03-06 09:09:38,843 | INFO | DB totals: invoices=3 delivery_lines=4
2026-03-06 09:09:38,867 | INFO | Excel exported: output\Wareneingang_Status_20260306_090938.xlsx
2026-03-06 09:10:56,491 | INFO | IMPORTED invoice: BackFlow Rechnung 1 (1) 2.pdf (match_key=CUST:123456789, lines=1)
2026-03-06 09:10:57,354 | INFO | IMPORTED invoice: BackFlow Rechnung 3 50stk.pdf (match_key=CUST:9099909, lines=1)
2026-03-06 09:10:58,215 | INFO | IMPORTED invoice: BackFlow Rechnung121212.pdf (match_key=CUST:123456789, lines=1)
2026-03-06 09:11:08,373 | INFO | IMPORTED delivery: 20.jpeg (match_key=CUST:9099909, lines=1)
2026-03-06 09:11:17,898 | INFO | IMPORTED delivery: 30.jpeg (match_key=CUST:9099909, lines=1)
2026-03-06 09:11:24,712 | INFO | IMPORTED delivery: Lieferschein.pdf (match_key=CUST:123456789, lines=1)
2026-03-06 09:11:33,719 | INFO | IMPORTED delivery: WhatsApp Image 2026-03-05 at 10.34.25.jpeg (match_key=CUST:123456789, lines=1)
2026-03-06 09:11:33,753 | INFO | DB totals: invoices=3 delivery_lines=4
2026-03-06 09:11:33,777 | INFO | Excel exported: output\Wareneingang_Status_20260306_091133.xlsx
2026-03-06 09:15:58,420 | INFO | SKIP duplicate: BackFlow Rechnung 1 (1) 2.pdf
2026-03-06 09:15:58,424 | INFO | SKIP duplicate: BackFlow Rechnung 3 50stk.pdf
2026-03-06 09:15:58,427 | INFO | SKIP duplicate: BackFlow Rechnung121212.pdf
2026-03-06 09:15:58,431 | INFO | SKIP duplicate: 20.jpeg
2026-03-06 09:15:58,434 | INFO | SKIP duplicate: 30.jpeg
2026-03-06 09:15:58,438 | INFO | SKIP duplicate: Lieferschein.pdf
2026-03-06 09:15:58,442 | INFO | SKIP duplicate: WhatsApp Image 2026-03-05 at 10.34.25.jpeg
2026-03-06 09:15:58,445 | INFO | DB totals: invoices=3 delivery_lines=4
2026-03-06 09:15:58,493 | INFO | Excel exported: output\Wareneingang_Status_20260306_091558.xlsx
2026-03-06 09:16:48,528 | INFO | SKIP duplicate: BackFlow Rechnung 1 (1) 2.pdf
2026-03-06 09:16:48,532 | INFO | SKIP duplicate: BackFlow Rechnung 3 50stk.pdf
2026-03-06 09:16:48,535 | INFO | SKIP duplicate: 30.jpeg
2026-03-06 09:16:48,538 | INFO | SKIP duplicate: Lieferschein.pdf
2026-03-06 09:16:48,542 | INFO | SKIP duplicate: WhatsApp Image 2026-03-05 at 10.34.25.jpeg
2026-03-06 09:16:48,549 | INFO | DB totals: invoices=3 delivery_lines=4
2026-03-06 09:16:48,577 | INFO | Excel exported: output\Wareneingang_Status_20260306_091648.xlsx
2026-03-06 09:17:03,012 | INFO | IMPORTED invoice: BackFlow Rechnung 1 (1) 2.pdf (match_key=CUST:123456789, lines=1)
2026-03-06 09:17:03,814 | INFO | IMPORTED invoice: BackFlow Rechnung 3 50stk.pdf (match_key=CUST:9099909, lines=1)
2026-03-06 09:17:13,042 | INFO | IMPORTED delivery: 30.jpeg (match_key=CUST:9099909, lines=1)
2026-03-06 09:17:19,294 | INFO | IMPORTED delivery: Lieferschein.pdf (match_key=CUST:123456789, lines=1)
2026-03-06 09:17:28,137 | INFO | IMPORTED delivery: WhatsApp Image 2026-03-05 at 10.34.25.jpeg (match_key=CUST:123456789, lines=0)
2026-03-06 09:17:28,152 | INFO | DB totals: invoices=2 delivery_lines=2
2026-03-06 09:17:28,193 | INFO | Excel exported: output\Wareneingang_Status_20260306_091728.xlsx
2026-03-06 09:17:56,265 | INFO | SKIP duplicate: BackFlow Rechnung 1 (1) 2.pdf
2026-03-06 09:17:56,269 | INFO | SKIP duplicate: BackFlow Rechnung 3 50stk.pdf
2026-03-06 09:17:56,953 | INFO | IMPORTED invoice: BackFlow Rechnung121212.pdf (match_key=CUST:123456789, lines=1)
2026-03-06 09:17:56,981 | INFO | SKIP duplicate: 30.jpeg
2026-03-06 09:17:56,985 | INFO | SKIP duplicate: Lieferschein.pdf
2026-03-06 09:17:56,988 | INFO | SKIP duplicate: WhatsApp Image 2026-03-05 at 10.34.25.jpeg
2026-03-06 09:17:56,993 | INFO | DB totals: invoices=3 delivery_lines=2
2026-03-06 09:17:57,033 | INFO | Excel exported: output\Wareneingang_Status_20260306_091756.xlsx
2026-03-06 09:18:42,681 | INFO | SKIP duplicate: BackFlow Rechnung 1 (1) 2.pdf
2026-03-06 09:18:42,685 | INFO | SKIP duplicate: BackFlow Rechnung 3 50stk.pdf
2026-03-06 09:18:42,688 | INFO | SKIP duplicate: BackFlow Rechnung121212.pdf
2026-03-06 09:18:52,883 | INFO | IMPORTED delivery: 20.jpeg (match_key=CUST:9099909, lines=1)
2026-03-06 09:18:52,909 | INFO | SKIP duplicate: 30.jpeg
2026-03-06 09:18:52,912 | INFO | SKIP duplicate: Lieferschein.pdf
2026-03-06 09:18:52,916 | INFO | SKIP duplicate: WhatsApp Image 2026-03-05 at 10.34.25.jpeg
2026-03-06 09:18:52,919 | INFO | DB totals: invoices=3 delivery_lines=3
2026-03-06 09:18:52,957 | INFO | Excel exported: output\Wareneingang_Status_20260306_091852.xlsx
2026-03-06 09:51:10,312 | INFO | IMPORTED invoice: BackFlow Rechnung 1 (1) 2.pdf (match_key=CUST:123456789, lines=1)
2026-03-06 09:51:11,110 | INFO | IMPORTED invoice: BackFlow Rechnung 3 50stk.pdf (match_key=CUST:9099909, lines=1)
2026-03-06 09:51:11,799 | INFO | IMPORTED invoice: BackFlow Rechnung121212.pdf (match_key=CUST:123456789, lines=1)
2026-03-06 09:51:21,948 | INFO | IMPORTED delivery: 20.jpeg (match_key=CUST:9099909, lines=1)
2026-03-06 09:51:28,549 | INFO | IMPORTED delivery: Lieferschein.pdf (match_key=CUST:123456789, lines=1)
2026-03-06 09:51:37,330 | INFO | IMPORTED delivery: WhatsApp Image 2026-03-05 at 10.34.25.jpeg (match_key=CUST:123456789, lines=1)
2026-03-06 09:51:37,358 | INFO | DB totals: invoices=3 delivery_lines=3
2026-03-06 09:51:37,382 | INFO | Excel exported: output\Wareneingang_Status_20260306_095137.xlsx
2026-03-06 09:52:03,312 | INFO | SKIP duplicate: BackFlow Rechnung 1 (1) 2.pdf
2026-03-06 09:52:03,315 | INFO | SKIP duplicate: BackFlow Rechnung 3 50stk.pdf
2026-03-06 09:52:03,319 | INFO | SKIP duplicate: BackFlow Rechnung121212.pdf
2026-03-06 09:52:03,322 | INFO | SKIP duplicate: 20.jpeg
2026-03-06 09:52:12,700 | INFO | IMPORTED delivery: 30.jpeg (match_key=CUST:9099909, lines=1)
2026-03-06 09:52:12,727 | INFO | SKIP duplicate: Lieferschein.pdf
2026-03-06 09:52:12,730 | INFO | SKIP duplicate: WhatsApp Image 2026-03-05 at 10.34.25.jpeg
2026-03-06 09:52:12,734 | INFO | DB totals: invoices=3 delivery_lines=4
2026-03-06 09:52:12,755 | INFO | Excel exported: output\Wareneingang_Status_20260306_095212.xlsx
2026-03-06 09:52:46,292 | INFO | IMPORTED invoice: BackFlow Rechnung 1 (1) 2.pdf (match_key=CUST:123456789, lines=1)
2026-03-06 09:52:46,933 | INFO | IMPORTED invoice: BackFlow Rechnung121212.pdf (match_key=CUST:123456789, lines=1)
2026-03-06 09:52:56,752 | INFO | IMPORTED delivery: 20.jpeg (match_key=, lines=0)
2026-03-06 09:53:05,924 | INFO | IMPORTED delivery: 30.jpeg (match_key=, lines=0)
2026-03-06 09:53:12,354 | INFO | IMPORTED delivery: Lieferschein.pdf (match_key=CUST:123456789, lines=1)
2026-03-06 09:53:21,174 | INFO | IMPORTED delivery: WhatsApp Image 2026-03-05 at 10.34.25.jpeg (match_key=CUST:123456789, lines=1)
2026-03-06 09:53:21,204 | INFO | DB totals: invoices=2 delivery_lines=2
2026-03-06 09:53:21,239 | INFO | Excel exported: output\Wareneingang_Status_20260306_095321.xlsx
2026-03-06 09:53:55,584 | INFO | SKIP duplicate: BackFlow Rechnung 1 (1) 2.pdf
2026-03-06 09:53:56,375 | INFO | IMPORTED invoice: BackFlow Rechnung 3 50stk.pdf (match_key=CUST:9099909, lines=1)
2026-03-06 09:53:56,403 | INFO | SKIP duplicate: BackFlow Rechnung121212.pdf
2026-03-06 09:53:56,407 | INFO | SKIP duplicate: 20.jpeg
2026-03-06 09:53:56,410 | INFO | SKIP duplicate: 30.jpeg
2026-03-06 09:53:56,415 | INFO | SKIP duplicate: Lieferschein.pdf
2026-03-06 09:53:56,419 | INFO | SKIP duplicate: WhatsApp Image 2026-03-05 at 10.34.25.jpeg
2026-03-06 09:53:56,422 | INFO | DB totals: invoices=3 delivery_lines=2
2026-03-06 09:53:56,463 | INFO | Excel exported: output\Wareneingang_Status_20260306_095356.xlsx
2026-03-06 09:58:58,525 | INFO | IMPORTED invoice: BackFlow Rechnung 1 (1) 2.pdf (match_key=CUST:123456789, lines=1)
2026-03-06 09:58:59,321 | INFO | IMPORTED invoice: BackFlow Rechnung 3 50stk.pdf (match_key=CUST:9099909, lines=1)
2026-03-06 09:59:00,006 | INFO | IMPORTED invoice: BackFlow Rechnung121212.pdf (match_key=CUST:123456789, lines=1)
2026-03-06 09:59:09,556 | INFO | IMPORTED delivery: 20.jpeg (match_key=CUST:9099909, lines=1)
2026-03-06 09:59:18,651 | INFO | IMPORTED delivery: 30.jpeg (match_key=CUST:9099909, lines=1)
2026-03-06 09:59:24,966 | INFO | IMPORTED delivery: Lieferschein.pdf (match_key=CUST:123456789, lines=1)
2026-03-06 09:59:34,242 | INFO | IMPORTED delivery: WhatsApp Image 2026-03-05 at 10.34.25.jpeg (match_key=CUST:123456789, lines=1)
2026-03-06 09:59:34,271 | INFO | DB totals: invoices=3 delivery_lines=4
2026-03-06 09:59:34,291 | INFO | Excel exported: output\Wareneingang_Status_20260306_095934.xlsx
